#
# There is insufficient memory for the Java Runtime Environment to continue.
# Native memory allocation (malloc) failed to allocate 83344 bytes for Chunk::new
# Possible reasons:
#   The system is out of physical RAM or swap space
#   The process is running with CompressedOops enabled, and the Java Heap may be blocking the growth of the native heap
# Possible solutions:
#   Reduce memory load on the system
#   Increase physical memory or swap space
#   Check if swap backing store is full
#   Decrease Java heap size (-Xmx/-Xms)
#   Decrease number of Java threads
#   Decrease Java thread stack sizes (-Xss)
#   Set larger code cache with -XX:ReservedCodeCacheSize=
#   JVM is running with Unscaled Compressed Oops mode in which the Java heap is
#     placed in the first 4GB address space. The Java Heap base address is the
#     maximum limit for the native heap growth. Please use -XX:HeapBaseMinAddress
#     to set the Java Heap base and to place the Java Heap above 4GB virtual address.
# This output file may be truncated or incomplete.
#
#  Out of Memory Error (allocation.cpp:389), pid=9928, tid=0x000000000000184c
#
# JRE version: Java(TM) SE Runtime Environment (8.0_311-b11) (build 1.8.0_311-b11)
# Java VM: Java HotSpot(TM) 64-Bit Server VM (25.311-b11 mixed mode windows-amd64 compressed oops)
# Failed to write core dump. Minidumps are not enabled by default on client versions of Windows
#

---------------  T H R E A D  ---------------

Current thread (0x0000019e5fe1e000):  JavaThread "C2 CompilerThread1" daemon [_thread_in_native, id=6220, stack(0x0000007e64e00000,0x0000007e64f00000)]

Stack: [0x0000007e64e00000,0x0000007e64f00000]
Native frames: (J=compiled Java code, j=interpreted, Vv=VM code, C=native code)
V  [jvm.dll+0x32f239]
V  [jvm.dll+0x275882]
V  [jvm.dll+0x27652d]
V  [jvm.dll+0x26cf65]
V  [jvm.dll+0xd558c]
V  [jvm.dll+0xd5d8c]
V  [jvm.dll+0x470b65]
V  [jvm.dll+0x438210]
V  [jvm.dll+0x441215]
V  [jvm.dll+0x4405d5]
V  [jvm.dll+0x42b38b]
V  [jvm.dll+0xac22b]
V  [jvm.dll+0xaa88b]
V  [jvm.dll+0x23df22]
V  [jvm.dll+0x29253c]
C  [ucrtbase.dll+0x21bb2]
C  [KERNEL32.DLL+0x17034]
C  [ntdll.dll+0x52651]


Current CompileTask:
C2:  41780 1448       4       org.openqa.selenium.json.Input::peek (9 bytes)


---------------  P R O C E S S  ---------------

Java Threads: ( => current thread )
  0x0000019e6125a000 JavaThread "Okio Watchdog" daemon [_thread_blocked, id=9080, stack(0x0000007e65900000,0x0000007e65a00000)]
  0x0000019e611e6800 JavaThread "OkHttp ConnectionPool" daemon [_thread_blocked, id=10344, stack(0x0000007e65800000,0x0000007e65900000)]
  0x0000019e60f42000 JavaThread "Exec Stream Pumper" daemon [_thread_in_native, id=10880, stack(0x0000007e65500000,0x0000007e65600000)]
  0x0000019e60f41000 JavaThread "Exec Stream Pumper" daemon [_thread_in_native, id=9540, stack(0x0000007e65400000,0x0000007e65500000)]
  0x0000019e61103000 JavaThread "Exec Default Executor" daemon [_thread_in_native, id=11920, stack(0x0000007e65200000,0x0000007e65300000)]
  0x0000019e5fe96000 JavaThread "Service Thread" daemon [_thread_blocked, id=10544, stack(0x0000007e65000000,0x0000007e65100000)]
  0x0000019e5fe42800 JavaThread "C1 CompilerThread2" daemon [_thread_blocked, id=1496, stack(0x0000007e64f00000,0x0000007e65000000)]
=>0x0000019e5fe1e000 JavaThread "C2 CompilerThread1" daemon [_thread_in_native, id=6220, stack(0x0000007e64e00000,0x0000007e64f00000)]
  0x0000019e5fe14800 JavaThread "C2 CompilerThread0" daemon [_thread_blocked, id=11864, stack(0x0000007e64d00000,0x0000007e64e00000)]
  0x0000019e5fe0f800 JavaThread "Attach Listener" daemon [_thread_blocked, id=3096, stack(0x0000007e64c00000,0x0000007e64d00000)]
  0x0000019e5fe0d800 JavaThread "Signal Dispatcher" daemon [_thread_blocked, id=10140, stack(0x0000007e64b00000,0x0000007e64c00000)]
  0x0000019e5fdf6800 JavaThread "Finalizer" daemon [_thread_blocked, id=10368, stack(0x0000007e64a00000,0x0000007e64b00000)]
  0x0000019e5fdd5000 JavaThread "Reference Handler" daemon [_thread_blocked, id=6704, stack(0x0000007e64900000,0x0000007e64a00000)]
  0x0000019e4bad1800 JavaThread "Forwarding get on session 95bc67e0-3b0a-4331-a94e-271d4dcd6b80 to remote" [_thread_in_native, id=8916, stack(0x0000007e64300000,0x0000007e64400000)]

Other Threads:
  0x0000019e5fdd2000 VMThread [stack: 0x0000007e64800000,0x0000007e64900000] [id=6780]
  0x0000019e5fe9d800 WatcherThread [stack: 0x0000007e65100000,0x0000007e65200000] [id=10324]

VM state:not at safepoint (normal execution)

VM Mutex/Monitor currently owned by a thread: None

heap address: 0x00000000c1400000, size: 1004 MB, Compressed Oops mode: 32-bit
Narrow klass base: 0x0000000000000000, Narrow klass shift: 3
Compressed class space size: 1073741824 Address: 0x0000000100000000

Heap:
 PSYoungGen      total 18944K, used 11695K [0x00000000eb180000, 0x00000000ec680000, 0x0000000100000000)
  eden space 16384K, 55% used [0x00000000eb180000,0x00000000eba6ff30,0x00000000ec180000)
  from space 2560K, 99% used [0x00000000ec400000,0x00000000ec67c020,0x00000000ec680000)
  to   space 2560K, 0% used [0x00000000ec180000,0x00000000ec180000,0x00000000ec400000)
 ParOldGen       total 44032K, used 3922K [0x00000000c1400000, 0x00000000c3f00000, 0x00000000eb180000)
  object space 44032K, 8% used [0x00000000c1400000,0x00000000c17d4ac8,0x00000000c3f00000)
 Metaspace       used 13420K, capacity 14150K, committed 14208K, reserved 1060864K
  class space    used 1694K, capacity 1893K, committed 1920K, reserved 1048576K

Card table byte_map: [0x0000019e5c910000,0x0000019e5cb10000] byte_map_base: 0x0000019e5c306000

Marking Bits: (ParMarkBitMap*) 0x0000000062578030
 Begin Bits: [0x0000019e5cc60000, 0x0000019e5dc10000)
 End Bits:   [0x0000019e5dc10000, 0x0000019e5ebc0000)

Polling page: 0x0000019e4bce0000

CodeCache: size=245760Kb used=5076Kb max_used=5081Kb free=240683Kb
 bounds [0x0000019e4d550000, 0x0000019e4da50000, 0x0000019e5c550000]
 total_blobs=1897 nmethods=1505 adapters=304
 compilation: enabled

Compilation events (10 events):
Event: 37.755 Thread 0x0000019e5fe42800 1452       3       sun.invoke.util.VerifyAccess::isTypeVisible (49 bytes)
Event: 37.757 Thread 0x0000019e5fe42800 nmethod 1452 0x0000019e4da2c290 code [0x0000019e4da2c420, 0x0000019e4da2c970]
Event: 37.760 Thread 0x0000019e5fe42800 1453       1       java.lang.invoke.MethodHandle::internalForm (5 bytes)
Event: 37.761 Thread 0x0000019e5fe42800 nmethod 1453 0x0000019e4da2cb90 code [0x0000019e4da2cce0, 0x0000019e4da2cdf8]
Event: 37.761 Thread 0x0000019e5fe42800 1454       3       java.lang.invoke.MethodType::changeReturnType (20 bytes)
Event: 37.762 Thread 0x0000019e5fe42800 nmethod 1454 0x0000019e4da2ce50 code [0x0000019e4da2cfc0, 0x0000019e4da2d250]
Event: 37.762 Thread 0x0000019e5fe42800 1455       1       java.lang.invoke.SimpleMethodHandle::fieldCount (2 bytes)
Event: 37.762 Thread 0x0000019e5fe42800 nmethod 1455 0x0000019e4da2d2d0 code [0x0000019e4da2d420, 0x0000019e4da2d538]
Event: 37.763 Thread 0x0000019e5fe42800 1456       3       java.util.LinkedHashMap$LinkedKeyIterator::next (8 bytes)
Event: 37.763 Thread 0x0000019e5fe42800 nmethod 1456 0x0000019e4da2d590 code [0x0000019e4da2d700, 0x0000019e4da2d9b0]

GC Heap History (4 events):
Event: 2.105 GC heap before
{Heap before GC invocations=1 (full 0):
 PSYoungGen      total 18944K, used 16384K [0x00000000eb180000, 0x00000000ec680000, 0x0000000100000000)
  eden space 16384K, 100% used [0x00000000eb180000,0x00000000ec180000,0x00000000ec180000)
  from space 2560K, 0% used [0x00000000ec400000,0x00000000ec400000,0x00000000ec680000)
  to   space 2560K, 0% used [0x00000000ec180000,0x00000000ec180000,0x00000000ec400000)
 ParOldGen       total 44032K, used 0K [0x00000000c1400000, 0x00000000c3f00000, 0x00000000eb180000)
  object space 44032K, 0% used [0x00000000c1400000,0x00000000c1400000,0x00000000c3f00000)
 Metaspace       used 9066K, capacity 9356K, committed 9728K, reserved 1058816K
  class space    used 1069K, capacity 1156K, committed 1280K, reserved 1048576K
Event: 2.112 GC heap after
Heap after GC invocations=1 (full 0):
 PSYoungGen      total 18944K, used 2528K [0x00000000eb180000, 0x00000000ec680000, 0x0000000100000000)
  eden space 16384K, 0% used [0x00000000eb180000,0x00000000eb180000,0x00000000ec180000)
  from space 2560K, 98% used [0x00000000ec180000,0x00000000ec3f8020,0x00000000ec400000)
  to   space 2560K, 0% used [0x00000000ec400000,0x00000000ec400000,0x00000000ec680000)
 ParOldGen       total 44032K, used 1279K [0x00000000c1400000, 0x00000000c3f00000, 0x00000000eb180000)
  object space 44032K, 2% used [0x00000000c1400000,0x00000000c153fd48,0x00000000c3f00000)
 Metaspace       used 9066K, capacity 9356K, committed 9728K, reserved 1058816K
  class space    used 1069K, capacity 1156K, committed 1280K, reserved 1048576K
}
Event: 3.485 GC heap before
{Heap before GC invocations=2 (full 0):
 PSYoungGen      total 18944K, used 18912K [0x00000000eb180000, 0x00000000ec680000, 0x0000000100000000)
  eden space 16384K, 100% used [0x00000000eb180000,0x00000000ec180000,0x00000000ec180000)
  from space 2560K, 98% used [0x00000000ec180000,0x00000000ec3f8020,0x00000000ec400000)
  to   space 2560K, 0% used [0x00000000ec400000,0x00000000ec400000,0x00000000ec680000)
 ParOldGen       total 44032K, used 1279K [0x00000000c1400000, 0x00000000c3f00000, 0x00000000eb180000)
  object space 44032K, 2% used [0x00000000c1400000,0x00000000c153fd48,0x00000000c3f00000)
 Metaspace       used 11228K, capacity 11738K, committed 11904K, reserved 1058816K
  class space    used 1389K, capacity 1537K, committed 1664K, reserved 1048576K
Event: 3.501 GC heap after
Heap after GC invocations=2 (full 0):
 PSYoungGen      total 18944K, used 2544K [0x00000000eb180000, 0x00000000ec680000, 0x0000000100000000)
  eden space 16384K, 0% used [0x00000000eb180000,0x00000000eb180000,0x00000000ec180000)
  from space 2560K, 99% used [0x00000000ec400000,0x00000000ec67c020,0x00000000ec680000)
  to   space 2560K, 0% used [0x00000000ec180000,0x00000000ec180000,0x00000000ec400000)
 ParOldGen       total 44032K, used 3922K [0x00000000c1400000, 0x00000000c3f00000, 0x00000000eb180000)
  object space 44032K, 8% used [0x00000000c1400000,0x00000000c17d4ac8,0x00000000c3f00000)
 Metaspace       used 11228K, capacity 11738K, committed 11904K, reserved 1058816K
  class space    used 1389K, capacity 1537K, committed 1664K, reserved 1048576K
}

Deoptimization events (10 events):
Event: 3.558 Thread 0x0000019e4bad1800 Uncommon trap: reason=class_check action=maybe_recompile pc=0x0000019e4d880664 method=java.util.regex.Pattern$Curly.match(Ljava/util/regex/Matcher;ILjava/lang/CharSequence;)Z @ 19
Event: 3.582 Thread 0x0000019e4bad1800 Uncommon trap: reason=class_check action=maybe_recompile pc=0x0000019e4d880664 method=java.util.regex.Pattern$Curly.match(Ljava/util/regex/Matcher;ILjava/lang/CharSequence;)Z @ 19
Event: 3.582 Thread 0x0000019e4bad1800 Uncommon trap: reason=class_check action=maybe_recompile pc=0x0000019e4d880664 method=java.util.regex.Pattern$Curly.match(Ljava/util/regex/Matcher;ILjava/lang/CharSequence;)Z @ 19
Event: 3.672 Thread 0x0000019e4bad1800 Uncommon trap: reason=unstable_if action=reinterpret pc=0x0000019e4d970628 method=java.util.regex.Pattern$BmpCharProperty.match(Ljava/util/regex/Matcher;ILjava/lang/CharSequence;)Z @ 34
Event: 3.742 Thread 0x0000019e4bad1800 Uncommon trap: reason=unstable_if action=reinterpret pc=0x0000019e4d78ee14 method=java.lang.CharacterDataLatin1.digit(II)I @ 82
Event: 34.641 Thread 0x0000019e4bad1800 Uncommon trap: reason=class_check action=maybe_recompile pc=0x0000019e4da0bbc4 method=org.openqa.selenium.json.Input.init()V @ 18
Event: 34.641 Thread 0x0000019e4bad1800 Uncommon trap: reason=class_check action=maybe_recompile pc=0x0000019e4da0bbc4 method=org.openqa.selenium.json.Input.init()V @ 18
Event: 34.642 Thread 0x0000019e4bad1800 Uncommon trap: reason=class_check action=maybe_recompile pc=0x0000019e4da0bbc4 method=org.openqa.selenium.json.Input.init()V @ 18
Event: 34.642 Thread 0x0000019e4bad1800 Uncommon trap: reason=class_check action=maybe_recompile pc=0x0000019e4da0bbc4 method=org.openqa.selenium.json.Input.init()V @ 18
Event: 37.766 Thread 0x0000019e4bad1800 Uncommon trap: reason=class_check action=maybe_recompile pc=0x0000019e4d8d327c method=java.util.HashMap.putVal(ILjava/lang/Object;Ljava/lang/Object;ZZ)Ljava/lang/Object; @ 253

Classes redefined (0 events):
No events

Internal exceptions (10 events):
Event: 0.698 Thread 0x0000019e4bad1800 Exception <a 'java/lang/NoSuchFieldError': method resolution failed> (0x00000000eb526bb0) thrown at [C:\jenkins\workspace\8-2-build-windows-amd64-cygwin\jdk8u311\1894\hotspot\src\share\vm\prims\methodHandles.cpp, line 1169]
Event: 0.799 Thread 0x0000019e4bad1800 Exception <a 'java/lang/IncompatibleClassChangeError': Found class java.lang.Object, but interface was expected> (0x00000000eb6085a0) thrown at [C:\jenkins\workspace\8-2-build-windows-amd64-cygwin\jdk8u311\1894\hotspot\src\share\vm\interpreter\linkResolve
Event: 1.237 Thread 0x0000019e4bad1800 Exception <a 'java/security/PrivilegedActionException'> (0x00000000eb929910) thrown at [C:\jenkins\workspace\8-2-build-windows-amd64-cygwin\jdk8u311\1894\hotspot\src\share\vm\prims\jvm.cpp, line 1523]
Event: 1.237 Thread 0x0000019e4bad1800 Exception <a 'java/security/PrivilegedActionException'> (0x00000000eb929d08) thrown at [C:\jenkins\workspace\8-2-build-windows-amd64-cygwin\jdk8u311\1894\hotspot\src\share\vm\prims\jvm.cpp, line 1523]
Event: 1.240 Thread 0x0000019e4bad1800 Exception <a 'java/security/PrivilegedActionException'> (0x00000000eb92db60) thrown at [C:\jenkins\workspace\8-2-build-windows-amd64-cygwin\jdk8u311\1894\hotspot\src\share\vm\prims\jvm.cpp, line 1523]
Event: 1.240 Thread 0x0000019e4bad1800 Exception <a 'java/security/PrivilegedActionException'> (0x00000000eb92df58) thrown at [C:\jenkins\workspace\8-2-build-windows-amd64-cygwin\jdk8u311\1894\hotspot\src\share\vm\prims\jvm.cpp, line 1523]
Event: 3.301 Thread 0x0000019e4bad1800 Exception <a 'java/lang/IncompatibleClassChangeError': Found class java.lang.Object, but interface was expected> (0x00000000ebd686c8) thrown at [C:\jenkins\workspace\8-2-build-windows-amd64-cygwin\jdk8u311\1894\hotspot\src\share\vm\interpreter\linkResolve
Event: 3.303 Thread 0x0000019e4bad1800 Exception <a 'java/lang/NoSuchMethodError': java.lang.Object.lambda$or$2(Ljava/util/function/Predicate;Ljava/lang/Object;)Z> (0x00000000ebd76250) thrown at [C:\jenkins\workspace\8-2-build-windows-amd64-cygwin\jdk8u311\1894\hotspot\src\share\vm\interpreter
Event: 3.374 Thread 0x0000019e4bad1800 Exception <a 'java/lang/NoSuchMethodError': java.lang.Object.lambda$chars$0()Ljava/util/Spliterator$OfInt;> (0x00000000ebf7d2a0) thrown at [C:\jenkins\workspace\8-2-build-windows-amd64-cygwin\jdk8u311\1894\hotspot\src\share\vm\interpreter\linkResolver.cpp
Event: 37.754 Thread 0x0000019e4bad1800 Exception <a 'java/lang/NoSuchMethodError': java.lang.Object.lambda$getResponseFunction$0(Lorg/openqa/selenium/remote/InitialHandshakeResponse;)Lorg/openqa/selenium/remote/ProtocolHandshake$Result;> (0x00000000eb8e0ad0) thrown at [C:\jenkins\workspace\8-2

Events (10 events):
Event: 37.763 loading class org/openqa/selenium/Proxy done
Event: 37.764 loading class org/openqa/selenium/Proxy
Event: 37.764 loading class org/openqa/selenium/Proxy done
Event: 37.765 loading class org/openqa/selenium/Proxy$ProxyType
Event: 37.765 loading class org/openqa/selenium/Proxy$ProxyType done
Event: 37.766 Thread 0x0000019e4bad1800 Uncommon trap: trap_request=0xffffffde fr.pc=0x0000019e4d8d327c
Event: 37.766 Thread 0x0000019e4bad1800 DEOPT PACKING pc=0x0000019e4d8d327c sp=0x0000007e643fe930
Event: 37.766 Thread 0x0000019e4bad1800 DEOPT UNPACKING pc=0x0000019e4d5958c3 sp=0x0000007e643fe8a8 mode 2
Event: 37.767 loading class java/util/logging/LogRecord
Event: 37.809 loading class java/util/logging/LogRecord done


Dynamic libraries:
0x00007ff73d480000 - 0x00007ff73d4c7000 	C:\Program Files\Java\jre1.8.0_311\bin\javaw.exe
0x00007ffb74b50000 - 0x00007ffb74d45000 	C:\Windows\SYSTEM32\ntdll.dll
0x00007ffb74310000 - 0x00007ffb743ce000 	C:\Windows\System32\KERNEL32.DLL
0x00007ffb726f0000 - 0x00007ffb729b8000 	C:\Windows\System32\KERNELBASE.dll
0x00007ffb74830000 - 0x00007ffb748de000 	C:\Windows\System32\ADVAPI32.dll
0x00007ffb72bb0000 - 0x00007ffb72c4e000 	C:\Windows\System32\msvcrt.dll
0x00007ffb74730000 - 0x00007ffb747cc000 	C:\Windows\System32\sechost.dll
0x00007ffb73fb0000 - 0x00007ffb740d5000 	C:\Windows\System32\RPCRT4.dll
0x00007ffb74170000 - 0x00007ffb74310000 	C:\Windows\System32\USER32.dll
0x00007ffb723e0000 - 0x00007ffb72402000 	C:\Windows\System32\win32u.dll
0x00007ffb73f60000 - 0x00007ffb73f8b000 	C:\Windows\System32\GDI32.dll
0x00007ffb72410000 - 0x00007ffb7251b000 	C:\Windows\System32\gdi32full.dll
0x00007ffb72550000 - 0x00007ffb725ed000 	C:\Windows\System32\msvcp_win.dll
0x00007ffb725f0000 - 0x00007ffb726f0000 	C:\Windows\System32\ucrtbase.dll
0x00007ffb61e10000 - 0x00007ffb620aa000 	C:\Windows\WinSxS\amd64_microsoft.windows.common-controls_6595b64144ccf1df_6.0.19041.1110_none_60b5254171f9507e\COMCTL32.dll
0x00007ffb740e0000 - 0x00007ffb74110000 	C:\Windows\System32\IMM32.DLL
0x00007ffb5d470000 - 0x00007ffb5d485000 	C:\Program Files\Java\jre1.8.0_311\bin\vcruntime140.dll
0x00007ffb5ced0000 - 0x00007ffb5cf6b000 	C:\Program Files\Java\jre1.8.0_311\bin\msvcp140.dll
0x0000000061d90000 - 0x00000000625f0000 	C:\Program Files\Java\jre1.8.0_311\bin\server\jvm.dll
0x00007ffb72e20000 - 0x00007ffb72e28000 	C:\Windows\System32\PSAPI.DLL
0x00007ffb62340000 - 0x00007ffb62349000 	C:\Windows\SYSTEM32\WSOCK32.dll
0x00007ffb66470000 - 0x00007ffb66497000 	C:\Windows\SYSTEM32\WINMM.dll
0x00007ffb73da0000 - 0x00007ffb73e0b000 	C:\Windows\System32\WS2_32.dll
0x00007ffb677a0000 - 0x00007ffb677aa000 	C:\Windows\SYSTEM32\VERSION.dll
0x00007ffb70360000 - 0x00007ffb70372000 	C:\Windows\SYSTEM32\kernel.appcore.dll
0x00007ffb5d460000 - 0x00007ffb5d470000 	C:\Program Files\Java\jre1.8.0_311\bin\verify.dll
0x00007ffb5cea0000 - 0x00007ffb5cecb000 	C:\Program Files\Java\jre1.8.0_311\bin\java.dll
0x00007ffb5ce80000 - 0x00007ffb5ce98000 	C:\Program Files\Java\jre1.8.0_311\bin\zip.dll
0x00007ffb72e30000 - 0x00007ffb73574000 	C:\Windows\System32\SHELL32.dll
0x00007ffb70380000 - 0x00007ffb70b14000 	C:\Windows\SYSTEM32\windows.storage.dll
0x00007ffb743d0000 - 0x00007ffb74724000 	C:\Windows\System32\combase.dll
0x00007ffb71c00000 - 0x00007ffb71c2c000 	C:\Windows\SYSTEM32\Wldp.dll
0x00007ffb736b0000 - 0x00007ffb7375d000 	C:\Windows\System32\SHCORE.dll
0x00007ffb74110000 - 0x00007ffb74165000 	C:\Windows\System32\shlwapi.dll
0x00007ffb721b0000 - 0x00007ffb721cf000 	C:\Windows\SYSTEM32\profapi.dll
0x00007ffb5ce60000 - 0x00007ffb5ce7c000 	C:\Program Files\Java\jre1.8.0_311\bin\net.dll
0x00007ffb71960000 - 0x00007ffb719ca000 	C:\Windows\system32\mswsock.dll
0x00007ffb71690000 - 0x00007ffb7175a000 	C:\Windows\SYSTEM32\DNSAPI.dll
0x00007ffb71650000 - 0x00007ffb7168b000 	C:\Windows\SYSTEM32\IPHLPAPI.DLL
0x00007ffb73fa0000 - 0x00007ffb73fa8000 	C:\Windows\System32\NSI.dll
0x00007ffb66ef0000 - 0x00007ffb66efa000 	C:\Windows\System32\rasadhlp.dll
0x00007ffb670b0000 - 0x00007ffb6712f000 	C:\Windows\System32\fwpuclnt.dll
0x00007ffb72520000 - 0x00007ffb72547000 	C:\Windows\System32\bcrypt.dll
0x00007ffb5ce00000 - 0x00007ffb5ce24000 	C:\Program Files\Java\jre1.8.0_311\bin\sunec.dll
0x00007ffb5cb30000 - 0x00007ffb5cb3d000 	C:\Program Files\Java\jre1.8.0_311\bin\sunmscapi.dll
0x00007ffb729c0000 - 0x00007ffb72b16000 	C:\Windows\System32\CRYPT32.dll
0x00007ffb71c70000 - 0x00007ffb71c97000 	C:\Windows\SYSTEM32\ncrypt.dll
0x00007ffb71c30000 - 0x00007ffb71c6b000 	C:\Windows\SYSTEM32\NTASN1.dll
0x00007ffb69b00000 - 0x00007ffb69b17000 	C:\Windows\SYSTEM32\dhcpcsvc6.DLL
0x00007ffb6a940000 - 0x00007ffb6a95d000 	C:\Windows\SYSTEM32\dhcpcsvc.DLL
0x00007ffb5cb10000 - 0x00007ffb5cb23000 	C:\Program Files\Java\jre1.8.0_311\bin\nio.dll
0x00007ffb71b50000 - 0x00007ffb71b68000 	C:\Windows\SYSTEM32\CRYPTSP.dll
0x00007ffb712e0000 - 0x00007ffb71314000 	C:\Windows\system32\rsaenh.dll
0x00007ffb72170000 - 0x00007ffb7219e000 	C:\Windows\SYSTEM32\USERENV.dll
0x00007ffb72b20000 - 0x00007ffb72ba2000 	C:\Windows\System32\bcryptprimitives.dll
0x00007ffb71b70000 - 0x00007ffb71b7c000 	C:\Windows\SYSTEM32\CRYPTBASE.dll
0x00007ffb5f040000 - 0x00007ffb5f224000 	C:\Windows\SYSTEM32\dbghelp.dll

VM Arguments:
jvm_args: -Dfile.encoding=Cp1252 
java_command: Locators.Assignment3
java_class_path (initial): C:\Program Files\Java\jre1.8.0_311\lib\resources.jar;C:\Program Files\Java\jre1.8.0_311\lib\rt.jar;C:\Program Files\Java\jre1.8.0_311\lib\jsse.jar;C:\Program Files\Java\jre1.8.0_311\lib\jce.jar;C:\Program Files\Java\jre1.8.0_311\lib\charsets.jar;C:\Program Files\Java\jre1.8.0_311\lib\jfr.jar;C:\Program Files\Java\jre1.8.0_311\lib\ext\access-bridge-64.jar;C:\Program Files\Java\jre1.8.0_311\lib\ext\cldrdata.jar;C:\Program Files\Java\jre1.8.0_311\lib\ext\dnsns.jar;C:\Program Files\Java\jre1.8.0_311\lib\ext\jaccess.jar;C:\Program Files\Java\jre1.8.0_311\lib\ext\jfxrt.jar;C:\Program Files\Java\jre1.8.0_311\lib\ext\localedata.jar;C:\Program Files\Java\jre1.8.0_311\lib\ext\nashorn.jar;C:\Program Files\Java\jre1.8.0_311\lib\ext\sunec.jar;C:\Program Files\Java\jre1.8.0_311\lib\ext\sunjce_provider.jar;C:\Program Files\Java\jre1.8.0_311\lib\ext\sunmscapi.jar;C:\Program Files\Java\jre1.8.0_311\lib\ext\sunpkcs11.jar;C:\Program Files\Java\jre1.8.0_311\lib\ext\zipfs.jar;D:\Class\eclipse\F1Javaworkspace\Seleniumpractice\bin;D:\Class\eclipse\F1Javaworkspace\Seleniumpractice\jars\byte-buddy-1.8.15.jar;D:\Class\eclipse\F1Javaworkspace\Seleniumpractice\jars\client-combined-3.141.59.jar;D:\Class\eclipse\F1Javaworkspace\Seleniumpractice\jars\client-combined-3.141.59-sources.jar;D:\Class\eclipse\F1Javaworkspace\Seleniumpractice\jars\commons-exec-1.3.jar;D:\Class\eclipse\F1Javaworkspace\Seleniumpractice\jars\guava-25.0-jre.jar;D:\Class\eclipse\F1Javaworkspace\Seleniumpractice\jars\okhttp-3.11.0.jar;D:\Class\eclipse\F1Javaworkspace\Seleniumpractice\jars\okio-1.14.0.jar
Launcher Type: SUN_STANDARD

Environment Variables:
PATH=C:/Program Files/Java/jdk1.8.0_311/bin/../jre/bin/server;C:/Program Files/Java/jdk1.8.0_311/bin/../jre/bin;C:/Program Files/Java/jdk1.8.0_311/bin/../jre/lib/amd64;C:\Program Files\Java\jdk1.8.0_311\bin;C:\Users\ADMIN\AppData\Local\Microsoft\WindowsApps;C:\Users\ADMIN\AppData\Local\Programs\Microsoft VS Code\bin;C:\Program Files\Java\jdk1.8.0_311\bin;C:\Program Files\Java\jre1.8.0_311\bin;;D:\Class\eclipse;
USERNAME=ADMIN
OS=Windows_NT
PROCESSOR_IDENTIFIER=Intel64 Family 6 Model 69 Stepping 1, GenuineIntel



---------------  S Y S T E M  ---------------

OS: Windows 10.0 , 64 bit Build 19041 (10.0.19041.1566)

CPU:total 4 (initial active 4) (2 cores per cpu, 2 threads per core) family 6 model 69 stepping 1, cmov, cx8, fxsr, mmx, sse, sse2, sse3, ssse3, sse4.1, sse4.2, popcnt, avx, avx2, aes, clmul, erms, lzcnt, ht, tsc, tscinvbit, bmi1, bmi2

Memory: 4k page, physical 4108652k(126220k free), swap 5157228k(21972k free)

vm_info: Java HotSpot(TM) 64-Bit Server VM (25.311-b11) for windows-amd64 JRE (1.8.0_311-b11), built on Sep 27 2021 05:15:14 by "java_re" with MS VC++ 15.9 (VS2017)

time: Tue Apr 12 09:29:54 2022
timezone: India Standard Time
elapsed time: 42.234938 seconds (0d 0h 0m 42s)

